\BOOKMARK [0][-]{chapter*.5}{\332vod}{}% 1
\BOOKMARK [0][-]{chapter.1}{Mobiln\355 zar\355zen\355 a aplikace}{}% 2
\BOOKMARK [1][-]{section.1.1}{Mobiln\355 zar\355zen\355}{chapter.1}% 3
\BOOKMARK [1][-]{section.1.2}{Aplikace}{chapter.1}% 4
\BOOKMARK [0][-]{chapter.2}{Mobiln\355 platformy \205 technicky}{}% 5
\BOOKMARK [1][-]{section.2.1}{Platforma iOS}{chapter.2}% 6
\BOOKMARK [1][-]{section.2.2}{Platforma Android}{chapter.2}% 7
\BOOKMARK [1][-]{section.2.3}{Platforma Windows Phone}{chapter.2}% 8
\BOOKMARK [1][-]{section.2.4}{Platforma Firefox OS}{chapter.2}% 9
\BOOKMARK [0][-]{chapter.3}{Multiplatformn\355 v\375voj}{}% 10
\BOOKMARK [1][-]{section.3.1}{Co je to multiplatformn\355 v\375voj?}{chapter.3}% 11
\BOOKMARK [1][-]{section.3.2}{Argumenty pro multiplatformn\355 pr\355stup}{chapter.3}% 12
\BOOKMARK [1][-]{section.3.3}{Slabiny multiplatformn\355ho pr\355stupu}{chapter.3}% 13
\BOOKMARK [1][-]{section.3.4}{Pr\355stupy k multiplatformn\355mu v\375voji mobiln\355ch aplikac\355}{chapter.3}% 14
\BOOKMARK [0][-]{chapter.4}{Hybridn\355 frameworky}{}% 15
\BOOKMARK [1][-]{section.4.1}{Obecne}{chapter.4}% 16
\BOOKMARK [1][-]{section.4.2}{Technick\375 popis}{chapter.4}% 17
\BOOKMARK [1][-]{section.4.3}{Pr\355klady hybridn\355ch frameworku}{chapter.4}% 18
\BOOKMARK [0][-]{chapter.5}{PhoneGap}{}% 19
\BOOKMARK [1][-]{section.5.1}{Obecne}{chapter.5}% 20
\BOOKMARK [1][-]{section.5.2}{Historie}{chapter.5}% 21
\BOOKMARK [1][-]{section.5.3}{V\375voj\341rsk\351 n\341stroje}{chapter.5}% 22
\BOOKMARK [1][-]{section.5.4}{API}{chapter.5}% 23
\BOOKMARK [1][-]{section.5.5}{PhoneGap v re\341ln\375ch aplikac\355ch}{chapter.5}% 24
\BOOKMARK [1][-]{section.5.6}{Budoucnost}{chapter.5}% 25
\BOOKMARK [0][-]{chapter.6}{Demo aplikace}{}% 26
\BOOKMARK [1][-]{section.6.1}{Twitter klient \(BlueBirdGap\)}{chapter.6}% 27
\BOOKMARK [1][-]{section.6.2}{Foto aplikace \(Orionids\)}{chapter.6}% 28
\BOOKMARK [1][-]{section.6.3}{Casovac\355 aplikace \(TimerGap\)}{chapter.6}% 29
\BOOKMARK [0][-]{chapter.7}{Hybridn\355 vs. nativn\355 v\375voj}{}% 30
\BOOKMARK [1][-]{section.7.1}{Zpusob v\375voje}{chapter.7}% 31
\BOOKMARK [1][-]{section.7.2}{Vlastn\355 aplikace}{chapter.7}% 32
\BOOKMARK [1][-]{section.7.3}{Monetizace}{chapter.7}% 33
\BOOKMARK [1][-]{section.7.4}{Shrnut\355}{chapter.7}% 34
\BOOKMARK [0][-]{chapter*.94}{Z\341ver}{}% 35
\BOOKMARK [0][-]{section*.96}{Literatura}{}% 36
\BOOKMARK [0][-]{appendix.A}{Seznam pou\236it\375ch zkratek}{}% 37
\BOOKMARK [0][-]{appendix.B}{Obsah prilo\236en\351ho CD}{}% 38
